c:\users\usager\desktop\maison+skybox_testslookat\lab1\debug\vc141.pdb
c:\users\usager\desktop\maison+skybox_testslookat\lab1\debug\vc141.idb
c:\users\usager\desktop\maison+skybox_testslookat\lab1\debug\texture_loader.obj
c:\users\usager\desktop\maison+skybox_testslookat\lab1\debug\shader_loader.obj
c:\users\usager\desktop\maison+skybox_testslookat\lab1\debug\main.obj
c:\users\usager\desktop\maison+skybox_testslookat\lab1\debug\house_maker.obj
c:\users\usager\desktop\maison+skybox_testslookat\lab1\debug\parcel.obj
c:\users\usager\desktop\maison+skybox_testslookat\lab1\debug\city.obj
c:\users\usager\desktop\maison+skybox_testslookat\lab1\debug\fonctionutilitaire.obj
c:\users\usager\desktop\maison+skybox_testslookat\debug\lab2.exe
c:\users\usager\desktop\maison+skybox_testslookat\debug\lab2.ilk
c:\users\usager\desktop\maison+skybox_testslookat\debug\lab2.pdb
c:\users\usager\desktop\maison+skybox_testslookat\lab1\debug\vc140.idb
c:\users\usager\desktop\maison+skybox_testslookat\lab1\debug\vc140.pdb
c:\users\usager\desktop\maison+skybox_testslookat\lab1\debug\lab2.tlog\cl.command.1.tlog
c:\users\usager\desktop\maison+skybox_testslookat\lab1\debug\lab2.tlog\cl.read.1.tlog
c:\users\usager\desktop\maison+skybox_testslookat\lab1\debug\lab2.tlog\cl.write.1.tlog
c:\users\usager\desktop\maison+skybox_testslookat\lab1\debug\lab2.tlog\link.command.1.tlog
c:\users\usager\desktop\maison+skybox_testslookat\lab1\debug\lab2.tlog\link.read.1.tlog
c:\users\usager\desktop\maison+skybox_testslookat\lab1\debug\lab2.tlog\link.write.1.tlog
